2026-04-28T11:34:41.832+05:30  INFO 17312 --- [main] com.portfolio.PortfolioApplication       : Starting PortfolioApplication using Java 21.0.9 with PID 17312 (D:\MyDigitalAura-project\final-project\backend\target\classes started by Admin in D:\MyDigitalAura-project\final-project\backend)
2026-04-28T11:34:41.855+05:30  INFO 17312 --- [main] com.portfolio.PortfolioApplication       : No active profile set, falling back to 1 default profile: "default"
2026-04-28T11:34:45.896+05:30  INFO 17312 --- [main] .s.d.r.c.RepositoryConfigurationDelegate : Bootstrapping Spring Data JPA repositories in DEFAULT mode.
2026-04-28T11:34:46.070+05:30  INFO 17312 --- [main] .s.d.r.c.RepositoryConfigurationDelegate : Finished Spring Data repository scanning in 153 ms. Found 8 JPA repository interfaces.
2026-04-28T11:34:48.189+05:30  INFO 17312 --- [main] o.s.b.w.embedded.tomcat.TomcatWebServer  : Tomcat initialized with port 8080 (http)
2026-04-28T11:34:48.230+05:30  INFO 17312 --- [main] o.apache.catalina.core.StandardService   : Starting service [Tomcat]
2026-04-28T11:34:48.231+05:30  INFO 17312 --- [main] o.apache.catalina.core.StandardEngine    : Starting Servlet engine: [Apache Tomcat/10.1.20]
2026-04-28T11:34:48.456+05:30  INFO 17312 --- [main] o.a.c.c.C.[Tomcat].[localhost].[/]       : Initializing Spring embedded WebApplicationContext
2026-04-28T11:34:48.457+05:30  INFO 17312 --- [main] w.s.c.ServletWebServerApplicationContext : Root WebApplicationContext: initialization completed in 6484 ms
2026-04-28T11:34:49.007+05:30  INFO 17312 --- [main] o.hibernate.jpa.internal.util.LogHelper  : HHH000204: Processing PersistenceUnitInfo [name: default]
2026-04-28T11:34:49.213+05:30  INFO 17312 --- [main] org.hibernate.Version                    : HHH000412: Hibernate ORM core version 6.4.4.Final
2026-04-28T11:34:49.323+05:30  INFO 17312 --- [main] o.h.c.internal.RegionFactoryInitiator    : HHH000026: Second-level cache disabled
2026-04-28T11:34:50.096+05:30  INFO 17312 --- [main] o.s.o.j.p.SpringPersistenceUnitInfo      : No LoadTimeWeaver setup: ignoring JPA class transformer
2026-04-28T11:34:50.177+05:30  INFO 17312 --- [main] com.zaxxer.hikari.HikariDataSource       : HikariPool-1 - Starting...
2026-04-28T11:34:50.868+05:30  INFO 17312 --- [main] com.zaxxer.hikari.pool.HikariPool        : HikariPool-1 - Added connection com.mysql.cj.jdbc.ConnectionImpl@1e5b33e5
2026-04-28T11:34:50.875+05:30  INFO 17312 --- [main] com.zaxxer.hikari.HikariDataSource       : HikariPool-1 - Start completed.
2026-04-28T11:34:54.243+05:30  INFO 17312 --- [main] o.h.e.t.j.p.i.JtaPlatformInitiator       : HHH000489: No JTA platform available (set 'hibernate.transaction.jta.platform' to enable JTA platform integration)
2026-04-28T11:34:54.705+05:30  INFO 17312 --- [main] j.LocalContainerEntityManagerFactoryBean : Initialized JPA EntityManagerFactory for persistence unit 'default'
2026-04-28T11:34:56.856+05:30  INFO 17312 --- [main] o.s.d.j.r.query.QueryEnhancerFactory     : Hibernate is in classpath; If applicable, HQL parser will be used.
2026-04-28T11:35:01.496+05:30  INFO 17312 --- [main] o.s.b.w.embedded.tomcat.TomcatWebServer  : Tomcat started on port 8080 (http) with context path ''
2026-04-28T11:35:01.522+05:30  INFO 17312 --- [main] com.portfolio.PortfolioApplication       : Started PortfolioApplication in 21.228 seconds (process running for 34.673)
2026-04-28T11:49:38.766+05:30  INFO 17312 --- [http-nio-8080-exec-1] o.a.c.c.C.[Tomcat].[localhost].[/]       : Initializing Spring DispatcherServlet 'dispatcherServlet'
2026-04-28T11:49:38.796+05:30  INFO 17312 --- [http-nio-8080-exec-1] o.s.web.servlet.DispatcherServlet        : Initializing Servlet 'dispatcherServlet'
2026-04-28T11:49:38.918+05:30  INFO 17312 --- [http-nio-8080-exec-1] o.s.web.servlet.DispatcherServlet        : Completed initialization in 122 ms
2026-04-28T11:49:39.891+05:30  INFO 17312 --- [http-nio-8080-exec-2] com.portfolio.config.LoggingAspect       : → Entering: AuthController.sendOtp(..)
2026-04-28T11:49:41.268+05:30 ERROR 17312 --- [http-nio-8080-exec-2] com.portfolio.config.LoggingAspect       : ✗ Exception in AuthController.sendOtp(..): Email already registered
2026-04-28T12:37:32.126+05:30  INFO 17312 --- [RMI TCP Connection(67)-127.0.0.1] inMXBeanRegistrar$SpringApplicationAdmin : Application shutdown requested.
2026-04-28T12:37:32.368+05:30  INFO 17312 --- [RMI TCP Connection(67)-127.0.0.1] j.LocalContainerEntityManagerFactoryBean : Closing JPA EntityManagerFactory for persistence unit 'default'
2026-04-28T12:37:32.444+05:30  INFO 17312 --- [RMI TCP Connection(67)-127.0.0.1] com.zaxxer.hikari.HikariDataSource       : HikariPool-1 - Shutdown initiated...
2026-04-28T12:37:32.465+05:30  INFO 17312 --- [RMI TCP Connection(67)-127.0.0.1] com.zaxxer.hikari.HikariDataSource       : HikariPool-1 - Shutdown completed.
2026-04-28T15:46:24.295+05:30  INFO 5832 --- [main] com.portfolio.PortfolioApplication       : Starting PortfolioApplication using Java 21.0.9 with PID 5832 (D:\MyDigitalAura-project\final-project\backend\target\classes started by Admin in D:\MyDigitalAura-project\final-project\backend)
2026-04-28T15:46:24.298+05:30  INFO 5832 --- [main] com.portfolio.PortfolioApplication       : No active profile set, falling back to 1 default profile: "default"
2026-04-28T15:46:25.565+05:30  INFO 5832 --- [main] .s.d.r.c.RepositoryConfigurationDelegate : Bootstrapping Spring Data JPA repositories in DEFAULT mode.
2026-04-28T15:46:25.670+05:30  INFO 5832 --- [main] .s.d.r.c.RepositoryConfigurationDelegate : Finished Spring Data repository scanning in 94 ms. Found 8 JPA repository interfaces.
2026-04-28T15:46:26.685+05:30  INFO 5832 --- [main] o.s.b.w.embedded.tomcat.TomcatWebServer  : Tomcat initialized with port 8080 (http)
2026-04-28T15:46:26.700+05:30  INFO 5832 --- [main] o.apache.catalina.core.StandardService   : Starting service [Tomcat]
2026-04-28T15:46:26.700+05:30  INFO 5832 --- [main] o.apache.catalina.core.StandardEngine    : Starting Servlet engine: [Apache Tomcat/10.1.20]
2026-04-28T15:46:26.787+05:30  INFO 5832 --- [main] o.a.c.c.C.[Tomcat].[localhost].[/]       : Initializing Spring embedded WebApplicationContext
2026-04-28T15:46:26.788+05:30  INFO 5832 --- [main] w.s.c.ServletWebServerApplicationContext : Root WebApplicationContext: initialization completed in 2412 ms
2026-04-28T15:46:27.040+05:30  INFO 5832 --- [main] o.hibernate.jpa.internal.util.LogHelper  : HHH000204: Processing PersistenceUnitInfo [name: default]
2026-04-28T15:46:27.119+05:30  INFO 5832 --- [main] org.hibernate.Version                    : HHH000412: Hibernate ORM core version 6.4.4.Final
2026-04-28T15:46:27.166+05:30  INFO 5832 --- [main] o.h.c.internal.RegionFactoryInitiator    : HHH000026: Second-level cache disabled
2026-04-28T15:46:27.467+05:30  INFO 5832 --- [main] o.s.o.j.p.SpringPersistenceUnitInfo      : No LoadTimeWeaver setup: ignoring JPA class transformer
2026-04-28T15:46:27.501+05:30  INFO 5832 --- [main] com.zaxxer.hikari.HikariDataSource       : HikariPool-1 - Starting...
2026-04-28T15:46:27.817+05:30  INFO 5832 --- [main] com.zaxxer.hikari.pool.HikariPool        : HikariPool-1 - Added connection com.mysql.cj.jdbc.ConnectionImpl@714bffd5
2026-04-28T15:46:27.820+05:30  INFO 5832 --- [main] com.zaxxer.hikari.HikariDataSource       : HikariPool-1 - Start completed.
2026-04-28T15:46:29.665+05:30  INFO 5832 --- [main] o.h.e.t.j.p.i.JtaPlatformInitiator       : HHH000489: No JTA platform available (set 'hibernate.transaction.jta.platform' to enable JTA platform integration)
2026-04-28T15:46:29.929+05:30  INFO 5832 --- [main] j.LocalContainerEntityManagerFactoryBean : Initialized JPA EntityManagerFactory for persistence unit 'default'
2026-04-28T15:46:30.830+05:30  INFO 5832 --- [main] o.s.d.j.r.query.QueryEnhancerFactory     : Hibernate is in classpath; If applicable, HQL parser will be used.
2026-04-28T15:46:33.253+05:30  INFO 5832 --- [main] o.s.b.w.embedded.tomcat.TomcatWebServer  : Tomcat started on port 8080 (http) with context path ''
2026-04-28T15:46:33.268+05:30  INFO 5832 --- [main] com.portfolio.PortfolioApplication       : Started PortfolioApplication in 9.591 seconds (process running for 11.009)
2026-04-28T15:50:26.517+05:30  INFO 5832 --- [http-nio-8080-exec-1] o.a.c.c.C.[Tomcat].[localhost].[/]       : Initializing Spring DispatcherServlet 'dispatcherServlet'
2026-04-28T15:50:26.534+05:30  INFO 5832 --- [http-nio-8080-exec-1] o.s.web.servlet.DispatcherServlet        : Initializing Servlet 'dispatcherServlet'
2026-04-28T15:50:26.569+05:30  INFO 5832 --- [http-nio-8080-exec-1] o.s.web.servlet.DispatcherServlet        : Completed initialization in 35 ms
2026-04-28T15:50:27.259+05:30  INFO 5832 --- [http-nio-8080-exec-2] com.portfolio.config.LoggingAspect       : → Entering: AuthController.loginSendOtp(..)
2026-04-28T15:50:28.165+05:30 ERROR 5832 --- [http-nio-8080-exec-2] com.portfolio.config.LoggingAspect       : ✗ Exception in AuthController.loginSendOtp(..): Bad credentials
2026-04-28T15:50:42.054+05:30  INFO 5832 --- [http-nio-8080-exec-4] com.portfolio.config.LoggingAspect       : → Entering: AuthController.loginSendOtp(..)
2026-04-28T15:50:42.237+05:30 ERROR 5832 --- [http-nio-8080-exec-4] com.portfolio.config.LoggingAspect       : ✗ Exception in AuthController.loginSendOtp(..): Bad credentials
2026-04-28T15:50:47.331+05:30  INFO 5832 --- [http-nio-8080-exec-5] com.portfolio.config.LoggingAspect       : → Entering: AuthController.forgotPassword(..)
2026-04-28T15:50:53.001+05:30  INFO 5832 --- [http-nio-8080-exec-5] com.portfolio.service.EmailService       : Password reset OTP sent to mohithach11@gmail.com
2026-04-28T15:50:53.002+05:30  INFO 5832 --- [http-nio-8080-exec-5] com.portfolio.service.AuthService        : Password reset OTP sent to: mohithach11@gmail.com
2026-04-28T15:50:53.002+05:30  INFO 5832 --- [http-nio-8080-exec-5] com.portfolio.config.LoggingAspect       : ← Exiting: AuthController.forgotPassword(..) (5671ms)
2026-04-28T15:53:33.086+05:30  INFO 5832 --- [http-nio-8080-exec-10] com.portfolio.config.LoggingAspect       : → Entering: AuthController.resetPassword(..)
2026-04-28T15:53:33.472+05:30  INFO 5832 --- [http-nio-8080-exec-10] com.portfolio.service.AuthService        : Password reset for: mohithach11@gmail.com
2026-04-28T15:53:33.484+05:30  INFO 5832 --- [http-nio-8080-exec-10] com.portfolio.config.LoggingAspect       : ← Exiting: AuthController.resetPassword(..) (398ms)
2026-04-28T15:53:41.155+05:30  INFO 5832 --- [http-nio-8080-exec-1] com.portfolio.config.LoggingAspect       : → Entering: AuthController.loginSendOtp(..)
2026-04-28T15:53:41.359+05:30 ERROR 5832 --- [http-nio-8080-exec-1] com.portfolio.config.LoggingAspect       : ✗ Exception in AuthController.loginSendOtp(..): Bad credentials
2026-04-28T15:54:09.580+05:30  INFO 5832 --- [http-nio-8080-exec-3] com.portfolio.config.LoggingAspect       : → Entering: AuthController.loginSendOtp(..)
2026-04-28T15:54:14.193+05:30  INFO 5832 --- [http-nio-8080-exec-3] com.portfolio.service.EmailService       : Login MFA OTP email sent to mohithach11@gmail.com
2026-04-28T15:54:14.194+05:30  INFO 5832 --- [http-nio-8080-exec-3] com.portfolio.service.AuthService        : Login MFA OTP sent to: mohithach11@gmail.com
2026-04-28T15:54:14.194+05:30  INFO 5832 --- [http-nio-8080-exec-3] com.portfolio.config.LoggingAspect       : ← Exiting: AuthController.loginSendOtp(..) (4612ms)
2026-04-28T15:55:34.910+05:30  INFO 5832 --- [http-nio-8080-exec-5] com.portfolio.config.LoggingAspect       : → Entering: AuthController.loginVerifyOtp(..)
2026-04-28T15:55:35.349+05:30  INFO 5832 --- [http-nio-8080-exec-5] com.portfolio.service.AuthService        : User logged in with MFA: mohithach11@gmail.com
2026-04-28T15:55:35.349+05:30  INFO 5832 --- [http-nio-8080-exec-5] com.portfolio.config.LoggingAspect       : ← Exiting: AuthController.loginVerifyOtp(..) (435ms)
2026-04-28T15:55:35.784+05:30  INFO 5832 --- [http-nio-8080-exec-10] com.portfolio.config.LoggingAspect       : → Entering: StudentController.getProfile(..)
2026-04-28T15:55:35.786+05:30  INFO 5832 --- [http-nio-8080-exec-3] com.portfolio.config.LoggingAspect       : → Entering: StudentController.getSkills(..)
2026-04-28T15:55:35.786+05:30  INFO 5832 --- [http-nio-8080-exec-2] com.portfolio.config.LoggingAspect       : → Entering: StudentController.getHackathons(..)
2026-04-28T15:55:35.786+05:30  INFO 5832 --- [http-nio-8080-exec-7] com.portfolio.config.LoggingAspect       : → Entering: StudentController.getProjects(..)
2026-04-28T15:55:35.786+05:30  INFO 5832 --- [http-nio-8080-exec-5] com.portfolio.config.LoggingAspect       : → Entering: StudentController.getCertifications(..)
2026-04-28T15:55:35.800+05:30  INFO 5832 --- [http-nio-8080-exec-1] com.portfolio.config.LoggingAspect       : → Entering: StudentController.getInternships(..)
2026-04-28T15:55:35.848+05:30  INFO 5832 --- [http-nio-8080-exec-5] com.portfolio.config.LoggingAspect       : ← Exiting: StudentController.getCertifications(..) (60ms)
2026-04-28T15:55:35.860+05:30  INFO 5832 --- [http-nio-8080-exec-1] com.portfolio.config.LoggingAspect       : ← Exiting: StudentController.getInternships(..) (60ms)
2026-04-28T15:55:35.860+05:30  INFO 5832 --- [http-nio-8080-exec-3] com.portfolio.config.LoggingAspect       : ← Exiting: StudentController.getSkills(..) (74ms)
2026-04-28T15:55:35.866+05:30  INFO 5832 --- [http-nio-8080-exec-2] com.portfolio.config.LoggingAspect       : ← Exiting: StudentController.getHackathons(..) (80ms)
2026-04-28T15:55:35.896+05:30  INFO 5832 --- [http-nio-8080-exec-10] com.portfolio.config.LoggingAspect       : ← Exiting: StudentController.getProfile(..) (110ms)
2026-04-28T15:55:35.904+05:30  INFO 5832 --- [http-nio-8080-exec-7] com.portfolio.config.LoggingAspect       : ← Exiting: StudentController.getProjects(..) (118ms)
2026-04-28T15:55:35.910+05:30  INFO 5832 --- [http-nio-8080-exec-9] com.portfolio.config.LoggingAspect       : → Entering: StudentController.getSkills(..)
2026-04-28T15:55:35.912+05:30  INFO 5832 --- [http-nio-8080-exec-8] com.portfolio.config.LoggingAspect       : → Entering: StudentController.getFeedback(..)
2026-04-28T15:55:35.916+05:30  INFO 5832 --- [http-nio-8080-exec-4] com.portfolio.config.LoggingAspect       : → Entering: StudentController.getInternships(..)
2026-04-28T15:55:35.917+05:30  INFO 5832 --- [http-nio-8080-exec-9] com.portfolio.config.LoggingAspect       : ← Exiting: StudentController.getSkills(..) (7ms)
2026-04-28T15:55:35.927+05:30  INFO 5832 --- [http-nio-8080-exec-4] com.portfolio.config.LoggingAspect       : ← Exiting: StudentController.getInternships(..) (10ms)
2026-04-28T15:55:35.953+05:30  INFO 5832 --- [http-nio-8080-exec-6] com.portfolio.config.LoggingAspect       : → Entering: StudentController.getCertifications(..)
2026-04-28T15:55:35.977+05:30  INFO 5832 --- [http-nio-8080-exec-8] com.portfolio.config.LoggingAspect       : ← Exiting: StudentController.getFeedback(..) (65ms)
2026-04-28T15:55:35.981+05:30  INFO 5832 --- [http-nio-8080-exec-6] com.portfolio.config.LoggingAspect       : ← Exiting: StudentController.getCertifications(..) (17ms)
2026-04-28T15:55:35.988+05:30  INFO 5832 --- [http-nio-8080-exec-5] com.portfolio.config.LoggingAspect       : → Entering: StudentController.getHackathons(..)
2026-04-28T15:55:35.998+05:30  INFO 5832 --- [http-nio-8080-exec-1] com.portfolio.config.LoggingAspect       : → Entering: StudentController.getProjects(..)
2026-04-28T15:55:36.001+05:30  INFO 5832 --- [http-nio-8080-exec-5] com.portfolio.config.LoggingAspect       : ← Exiting: StudentController.getHackathons(..) (13ms)
2026-04-28T15:55:36.032+05:30  INFO 5832 --- [http-nio-8080-exec-1] com.portfolio.config.LoggingAspect       : ← Exiting: StudentController.getProjects(..) (33ms)
2026-04-28T15:55:36.040+05:30  INFO 5832 --- [http-nio-8080-exec-3] com.portfolio.config.LoggingAspect       : → Entering: StudentController.getFeedback(..)
2026-04-28T15:55:36.062+05:30  INFO 5832 --- [http-nio-8080-exec-2] com.portfolio.config.LoggingAspect       : → Entering: StudentController.getProfile(..)
2026-04-28T15:55:36.074+05:30  INFO 5832 --- [http-nio-8080-exec-3] com.portfolio.config.LoggingAspect       : ← Exiting: StudentController.getFeedback(..) (32ms)
2026-04-28T15:55:36.091+05:30  INFO 5832 --- [http-nio-8080-exec-2] com.portfolio.config.LoggingAspect       : ← Exiting: StudentController.getProfile(..) (28ms)
2026-04-28T15:55:36.099+05:30  INFO 5832 --- [http-nio-8080-exec-7] com.portfolio.config.LoggingAspect       : → Entering: FileController.serveFile(..)
2026-04-28T15:55:36.107+05:30  INFO 5832 --- [http-nio-8080-exec-7] com.portfolio.config.LoggingAspect       : ← Exiting: FileController.serveFile(..) (8ms)
2026-04-28T15:55:36.108+05:30  INFO 5832 --- [http-nio-8080-exec-4] com.portfolio.config.LoggingAspect       : → Entering: StudentController.getProjectFeedback(..)
2026-04-28T15:55:36.128+05:30  INFO 5832 --- [http-nio-8080-exec-4] com.portfolio.config.LoggingAspect       : ← Exiting: StudentController.getProjectFeedback(..) (20ms)
2026-04-28T15:55:36.164+05:30  INFO 5832 --- [http-nio-8080-exec-8] com.portfolio.config.LoggingAspect       : → Entering: StudentController.getProjectFeedback(..)
2026-04-28T15:55:36.174+05:30  INFO 5832 --- [http-nio-8080-exec-8] com.portfolio.config.LoggingAspect       : ← Exiting: StudentController.getProjectFeedback(..) (10ms)
2026-04-28T15:55:36.198+05:30  INFO 5832 --- [http-nio-8080-exec-6] com.portfolio.config.LoggingAspect       : → Entering: StudentController.getProjectFeedback(..)
2026-04-28T15:55:36.207+05:30  INFO 5832 --- [http-nio-8080-exec-6] com.portfolio.config.LoggingAspect       : ← Exiting: StudentController.getProjectFeedback(..) (8ms)
2026-04-28T15:55:36.246+05:30  INFO 5832 --- [http-nio-8080-exec-10] com.portfolio.config.LoggingAspect       : → Entering: StudentController.getProjectFeedback(..)
2026-04-28T15:55:36.258+05:30  INFO 5832 --- [http-nio-8080-exec-10] com.portfolio.config.LoggingAspect       : ← Exiting: StudentController.getProjectFeedback(..) (12ms)
2026-04-28T15:58:05.347+05:30  INFO 5832 --- [http-nio-8080-exec-6] com.portfolio.config.LoggingAspect       : → Entering: AuthController.sendOtp(..)
2026-04-28T15:58:05.367+05:30 ERROR 5832 --- [http-nio-8080-exec-6] com.portfolio.config.LoggingAspect       : ✗ Exception in AuthController.sendOtp(..): Email already registered
2026-04-28T15:59:02.714+05:30  INFO 5832 --- [http-nio-8080-exec-1] com.portfolio.config.LoggingAspect       : → Entering: AuthController.loginSendOtp(..)
2026-04-28T15:59:02.941+05:30 ERROR 5832 --- [http-nio-8080-exec-1] com.portfolio.config.LoggingAspect       : ✗ Exception in AuthController.loginSendOtp(..): Bad credentials
2026-04-28T15:59:13.909+05:30  INFO 5832 --- [http-nio-8080-exec-3] com.portfolio.config.LoggingAspect       : → Entering: AuthController.loginSendOtp(..)
2026-04-28T15:59:14.057+05:30 ERROR 5832 --- [http-nio-8080-exec-3] com.portfolio.config.LoggingAspect       : ✗ Exception in AuthController.loginSendOtp(..): Bad credentials
2026-04-28T15:59:33.384+05:30  INFO 5832 --- [http-nio-8080-exec-9] com.portfolio.config.LoggingAspect       : → Entering: AuthController.forgotPassword(..)
2026-04-28T15:59:38.194+05:30  INFO 5832 --- [http-nio-8080-exec-9] com.portfolio.service.EmailService       : Password reset OTP sent to padmach38@gmail.com
2026-04-28T15:59:38.194+05:30  INFO 5832 --- [http-nio-8080-exec-9] com.portfolio.service.AuthService        : Password reset OTP sent to: padmach38@gmail.com
2026-04-28T15:59:38.194+05:30  INFO 5832 --- [http-nio-8080-exec-9] com.portfolio.config.LoggingAspect       : ← Exiting: AuthController.forgotPassword(..) (4810ms)
2026-04-28T16:00:47.837+05:30  INFO 5832 --- [http-nio-8080-exec-8] com.portfolio.config.LoggingAspect       : → Entering: AuthController.sendOtp(..)
2026-04-28T16:00:52.126+05:30  INFO 5832 --- [http-nio-8080-exec-8] com.portfolio.service.EmailService       : OTP email sent to saiswetha.balasu@gmail.com
2026-04-28T16:00:52.126+05:30  INFO 5832 --- [http-nio-8080-exec-8] com.portfolio.service.AuthService        : OTP sent to: saiswetha.balasu@gmail.com
2026-04-28T16:00:52.126+05:30  INFO 5832 --- [http-nio-8080-exec-8] com.portfolio.config.LoggingAspect       : ← Exiting: AuthController.sendOtp(..) (4288ms)
2026-04-28T16:02:37.017+05:30  INFO 5832 --- [http-nio-8080-exec-10] com.portfolio.config.LoggingAspect       : → Entering: AuthController.sendOtp(..)
2026-04-28T16:02:41.424+05:30  INFO 5832 --- [http-nio-8080-exec-10] com.portfolio.service.EmailService       : OTP email sent to saiswetha.balusu@gmail.com
2026-04-28T16:02:41.424+05:30  INFO 5832 --- [http-nio-8080-exec-10] com.portfolio.service.AuthService        : OTP sent to: saiswetha.balusu@gmail.com
2026-04-28T16:02:41.424+05:30  INFO 5832 --- [http-nio-8080-exec-10] com.portfolio.config.LoggingAspect       : ← Exiting: AuthController.sendOtp(..) (4407ms)
2026-04-28T16:02:59.925+05:30  INFO 5832 --- [http-nio-8080-exec-5] com.portfolio.config.LoggingAspect       : → Entering: AuthController.verifyOtp(..)
2026-04-28T16:02:59.925+05:30  INFO 5832 --- [http-nio-8080-exec-5] com.portfolio.config.LoggingAspect       : ← Exiting: AuthController.verifyOtp(..) (0ms)
2026-04-28T16:03:05.162+05:30  INFO 5832 --- [http-nio-8080-exec-2] com.portfolio.config.LoggingAspect       : → Entering: AuthController.register(..)
2026-04-28T16:03:05.444+05:30  INFO 5832 --- [http-nio-8080-exec-2] com.portfolio.service.AuthService        : New user registered: saiswetha.balusu@gmail.com (ADMIN)
2026-04-28T16:03:09.706+05:30  INFO 5832 --- [http-nio-8080-exec-2] com.portfolio.service.EmailService       : Welcome email sent to saiswetha.balusu@gmail.com
2026-04-28T16:03:09.718+05:30  INFO 5832 --- [http-nio-8080-exec-2] com.portfolio.config.LoggingAspect       : ← Exiting: AuthController.register(..) (4555ms)
2026-04-28T16:03:09.925+05:30  INFO 5832 --- [http-nio-8080-exec-8] com.portfolio.config.LoggingAspect       : → Entering: AdminController.getAllProjects()
2026-04-28T16:03:09.925+05:30  INFO 5832 --- [http-nio-8080-exec-4] com.portfolio.config.LoggingAspect       : → Entering: AdminController.getAnalytics()
2026-04-28T16:03:09.925+05:30  INFO 5832 --- [http-nio-8080-exec-9] com.portfolio.config.LoggingAspect       : → Entering: AdminController.getAllStudents()
2026-04-28T16:03:09.951+05:30  INFO 5832 --- [http-nio-8080-exec-8] com.portfolio.config.LoggingAspect       : ← Exiting: AdminController.getAllProjects() (26ms)
2026-04-28T16:03:09.980+05:30  INFO 5832 --- [http-nio-8080-exec-8] com.portfolio.config.LoggingAspect       : → Entering: AdminController.getAllProjects()
2026-04-28T16:03:09.988+05:30  INFO 5832 --- [http-nio-8080-exec-9] com.portfolio.config.LoggingAspect       : ← Exiting: AdminController.getAllStudents() (63ms)
2026-04-28T16:03:10.000+05:30  INFO 5832 --- [http-nio-8080-exec-8] com.portfolio.config.LoggingAspect       : ← Exiting: AdminController.getAllProjects() (20ms)
2026-04-28T16:03:10.023+05:30  INFO 5832 --- [http-nio-8080-exec-1] com.portfolio.config.LoggingAspect       : → Entering: AdminController.getAllStudents()
2026-04-28T16:03:10.036+05:30  INFO 5832 --- [http-nio-8080-exec-5] com.portfolio.config.LoggingAspect       : → Entering: AdminController.getAllProjects()
2026-04-28T16:03:10.075+05:30  INFO 5832 --- [http-nio-8080-exec-5] com.portfolio.config.LoggingAspect       : ← Exiting: AdminController.getAllProjects() (39ms)
2026-04-28T16:03:10.086+05:30  INFO 5832 --- [http-nio-8080-exec-4] com.portfolio.config.LoggingAspect       : ← Exiting: AdminController.getAnalytics() (161ms)
2026-04-28T16:03:10.100+05:30  INFO 5832 --- [http-nio-8080-exec-1] com.portfolio.config.LoggingAspect       : ← Exiting: AdminController.getAllStudents() (77ms)
2026-04-28T16:03:10.117+05:30  INFO 5832 --- [http-nio-8080-exec-3] com.portfolio.config.LoggingAspect       : → Entering: AdminController.getAllProjects()
2026-04-28T16:03:10.130+05:30  INFO 5832 --- [http-nio-8080-exec-10] com.portfolio.config.LoggingAspect       : → Entering: AdminController.getAnalytics()
2026-04-28T16:03:10.135+05:30  INFO 5832 --- [http-nio-8080-exec-3] com.portfolio.config.LoggingAspect       : ← Exiting: AdminController.getAllProjects() (18ms)
2026-04-28T16:03:10.147+05:30  INFO 5832 --- [http-nio-8080-exec-7] com.portfolio.config.LoggingAspect       : → Entering: AdminController.getAllStudents()
2026-04-28T16:03:10.168+05:30  INFO 5832 --- [http-nio-8080-exec-10] com.portfolio.config.LoggingAspect       : ← Exiting: AdminController.getAnalytics() (38ms)
2026-04-28T16:03:10.228+05:30  INFO 5832 --- [http-nio-8080-exec-2] com.portfolio.config.LoggingAspect       : → Entering: AdminController.getAnalytics()
2026-04-28T16:03:10.230+05:30  INFO 5832 --- [http-nio-8080-exec-7] com.portfolio.config.LoggingAspect       : ← Exiting: AdminController.getAllStudents() (83ms)
2026-04-28T16:03:10.267+05:30  INFO 5832 --- [http-nio-8080-exec-2] com.portfolio.config.LoggingAspect       : ← Exiting: AdminController.getAnalytics() (39ms)
2026-04-28T16:03:10.284+05:30  INFO 5832 --- [http-nio-8080-exec-6] com.portfolio.config.LoggingAspect       : → Entering: AdminController.getAllStudents()
2026-04-28T16:03:10.309+05:30  INFO 5832 --- [http-nio-8080-exec-9] com.portfolio.config.LoggingAspect       : → Entering: AdminController.getAnalytics()
2026-04-28T16:03:10.334+05:30  INFO 5832 --- [http-nio-8080-exec-6] com.portfolio.config.LoggingAspect       : ← Exiting: AdminController.getAllStudents() (49ms)
2026-04-28T16:03:10.347+05:30  INFO 5832 --- [http-nio-8080-exec-9] com.portfolio.config.LoggingAspect       : ← Exiting: AdminController.getAnalytics() (34ms)
2026-04-28T16:03:27.838+05:30  INFO 5832 --- [http-nio-8080-exec-10] com.portfolio.config.LoggingAspect       : → Entering: AdminController.getAnalytics()
2026-04-28T16:03:27.843+05:30  INFO 5832 --- [http-nio-8080-exec-1] com.portfolio.config.LoggingAspect       : → Entering: AdminController.getAllStudents()
2026-04-28T16:03:27.853+05:30  INFO 5832 --- [http-nio-8080-exec-3] com.portfolio.config.LoggingAspect       : → Entering: AdminController.getAllProjects()
2026-04-28T16:03:27.869+05:30  INFO 5832 --- [http-nio-8080-exec-10] com.portfolio.config.LoggingAspect       : ← Exiting: AdminController.getAnalytics() (30ms)
2026-04-28T16:03:27.894+05:30  INFO 5832 --- [http-nio-8080-exec-3] com.portfolio.config.LoggingAspect       : ← Exiting: AdminController.getAllProjects() (37ms)
2026-04-28T16:03:27.911+05:30  INFO 5832 --- [http-nio-8080-exec-1] com.portfolio.config.LoggingAspect       : ← Exiting: AdminController.getAllStudents() (67ms)
2026-04-28T16:03:31.604+05:30  INFO 5832 --- [http-nio-8080-exec-3] com.portfolio.config.LoggingAspect       : → Entering: StudentController.getProjects(..)
2026-04-28T16:03:31.614+05:30  INFO 5832 --- [http-nio-8080-exec-10] com.portfolio.config.LoggingAspect       : → Entering: StudentController.getSkills(..)
2026-04-28T16:03:31.616+05:30  INFO 5832 --- [http-nio-8080-exec-7] com.portfolio.config.LoggingAspect       : → Entering: StudentController.getCertifications(..)
2026-04-28T16:03:31.627+05:30  INFO 5832 --- [http-nio-8080-exec-10] com.portfolio.config.LoggingAspect       : ← Exiting: StudentController.getSkills(..) (13ms)
2026-04-28T16:03:31.627+05:30  INFO 5832 --- [http-nio-8080-exec-7] com.portfolio.config.LoggingAspect       : ← Exiting: StudentController.getCertifications(..) (11ms)
2026-04-28T16:03:31.627+05:30  INFO 5832 --- [http-nio-8080-exec-2] com.portfolio.config.LoggingAspect       : → Entering: StudentController.getInternships(..)
2026-04-28T16:03:31.631+05:30  INFO 5832 --- [http-nio-8080-exec-3] com.portfolio.config.LoggingAspect       : ← Exiting: StudentController.getProjects(..) (27ms)
2026-04-28T16:03:31.640+05:30  INFO 5832 --- [http-nio-8080-exec-2] com.portfolio.config.LoggingAspect       : ← Exiting: StudentController.getInternships(..) (13ms)
2026-04-28T16:03:31.653+05:30  INFO 5832 --- [http-nio-8080-exec-1] com.portfolio.config.LoggingAspect       : → Entering: StudentController.getHackathons(..)
2026-04-28T16:03:31.664+05:30  INFO 5832 --- [http-nio-8080-exec-1] com.portfolio.config.LoggingAspect       : ← Exiting: StudentController.getHackathons(..) (10ms)
2026-04-28T16:03:31.666+05:30  INFO 5832 --- [http-nio-8080-exec-4] com.portfolio.config.LoggingAspect       : → Entering: AdminController.getStudentProfile(..)
2026-04-28T16:03:31.683+05:30  INFO 5832 --- [http-nio-8080-exec-4] com.portfolio.config.LoggingAspect       : ← Exiting: AdminController.getStudentProfile(..) (17ms)
2026-04-28T16:03:37.135+05:30  INFO 5832 --- [http-nio-8080-exec-2] com.portfolio.config.LoggingAspect       : → Entering: StudentController.getProjects(..)
2026-04-28T16:03:37.144+05:30  INFO 5832 --- [http-nio-8080-exec-3] com.portfolio.config.LoggingAspect       : → Entering: AdminController.getStudentProfile(..)
2026-04-28T16:03:37.144+05:30  INFO 5832 --- [http-nio-8080-exec-6] com.portfolio.config.LoggingAspect       : → Entering: StudentController.getInternships(..)
2026-04-28T16:03:37.152+05:30  INFO 5832 --- [http-nio-8080-exec-2] com.portfolio.config.LoggingAspect       : ← Exiting: StudentController.getProjects(..) (15ms)
2026-04-28T16:03:37.160+05:30  INFO 5832 --- [http-nio-8080-exec-6] com.portfolio.config.LoggingAspect       : ← Exiting: StudentController.getInternships(..) (16ms)
2026-04-28T16:03:37.166+05:30  INFO 5832 --- [http-nio-8080-exec-3] com.portfolio.config.LoggingAspect       : ← Exiting: AdminController.getStudentProfile(..) (22ms)
2026-04-28T16:03:37.189+05:30  INFO 5832 --- [http-nio-8080-exec-5] com.portfolio.config.LoggingAspect       : → Entering: StudentController.getCertifications(..)
2026-04-28T16:03:37.190+05:30  INFO 5832 --- [http-nio-8080-exec-1] com.portfolio.config.LoggingAspect       : → Entering: StudentController.getSkills(..)
2026-04-28T16:03:37.191+05:30  INFO 5832 --- [http-nio-8080-exec-4] com.portfolio.config.LoggingAspect       : → Entering: StudentController.getHackathons(..)
2026-04-28T16:03:37.201+05:30  INFO 5832 --- [http-nio-8080-exec-4] com.portfolio.config.LoggingAspect       : ← Exiting: StudentController.getHackathons(..) (10ms)
2026-04-28T16:03:37.207+05:30  INFO 5832 --- [http-nio-8080-exec-5] com.portfolio.config.LoggingAspect       : ← Exiting: StudentController.getCertifications(..) (18ms)
2026-04-28T16:03:37.213+05:30  INFO 5832 --- [http-nio-8080-exec-1] com.portfolio.config.LoggingAspect       : ← Exiting: StudentController.getSkills(..) (23ms)
2026-04-28T16:03:47.169+05:30  INFO 5832 --- [http-nio-8080-exec-10] com.portfolio.config.LoggingAspect       : → Entering: AdminController.getAnalytics()
2026-04-28T16:03:47.172+05:30  INFO 5832 --- [http-nio-8080-exec-6] com.portfolio.config.LoggingAspect       : → Entering: AdminController.getAllStudents()
2026-04-28T16:03:47.187+05:30  INFO 5832 --- [http-nio-8080-exec-2] com.portfolio.config.LoggingAspect       : → Entering: AdminController.getAllProjects()
2026-04-28T16:03:47.200+05:30  INFO 5832 --- [http-nio-8080-exec-10] com.portfolio.config.LoggingAspect       : ← Exiting: AdminController.getAnalytics() (31ms)
2026-04-28T16:03:47.214+05:30  INFO 5832 --- [http-nio-8080-exec-2] com.portfolio.config.LoggingAspect       : ← Exiting: AdminController.getAllProjects() (27ms)
2026-04-28T16:03:47.233+05:30  INFO 5832 --- [http-nio-8080-exec-6] com.portfolio.config.LoggingAspect       : ← Exiting: AdminController.getAllStudents() (58ms)
2026-04-28T16:03:55.123+05:30  INFO 5832 --- [http-nio-8080-exec-7] com.portfolio.config.LoggingAspect       : → Entering: AdminController.getAnalytics()
2026-04-28T16:03:55.130+05:30  INFO 5832 --- [http-nio-8080-exec-1] com.portfolio.config.LoggingAspect       : → Entering: AdminController.getAllStudents()
2026-04-28T16:03:55.131+05:30  INFO 5832 --- [http-nio-8080-exec-8] com.portfolio.config.LoggingAspect       : → Entering: AdminController.getAllProjects()
2026-04-28T16:03:55.152+05:30  INFO 5832 --- [http-nio-8080-exec-7] com.portfolio.config.LoggingAspect       : ← Exiting: AdminController.getAnalytics() (29ms)
2026-04-28T16:03:55.154+05:30  INFO 5832 --- [http-nio-8080-exec-8] com.portfolio.config.LoggingAspect       : ← Exiting: AdminController.getAllProjects() (23ms)
2026-04-28T16:03:55.223+05:30  INFO 5832 --- [http-nio-8080-exec-1] com.portfolio.config.LoggingAspect       : ← Exiting: AdminController.getAllStudents() (92ms)
2026-04-28T16:04:00.862+05:30  INFO 5832 --- [http-nio-8080-exec-6] com.portfolio.config.LoggingAspect       : → Entering: AdminController.getAllProjects()
2026-04-28T16:04:00.866+05:30  INFO 5832 --- [http-nio-8080-exec-3] com.portfolio.config.LoggingAspect       : → Entering: AdminController.getAnalytics()
2026-04-28T16:04:00.870+05:30  INFO 5832 --- [http-nio-8080-exec-4] com.portfolio.config.LoggingAspect       : → Entering: AdminController.getAllStudents()
2026-04-28T16:04:00.895+05:30  INFO 5832 --- [http-nio-8080-exec-6] com.portfolio.config.LoggingAspect       : ← Exiting: AdminController.getAllProjects() (33ms)
2026-04-28T16:04:00.900+05:30  INFO 5832 --- [http-nio-8080-exec-3] com.portfolio.config.LoggingAspect       : ← Exiting: AdminController.getAnalytics() (34ms)
2026-04-28T16:04:00.948+05:30  INFO 5832 --- [http-nio-8080-exec-4] com.portfolio.config.LoggingAspect       : ← Exiting: AdminController.getAllStudents() (77ms)
2026-04-28T16:04:08.358+05:30  INFO 5832 --- [http-nio-8080-exec-10] com.portfolio.config.LoggingAspect       : → Entering: AdminController.getAllStudents()
2026-04-28T16:04:08.358+05:30  INFO 5832 --- [http-nio-8080-exec-2] com.portfolio.config.LoggingAspect       : → Entering: AdminController.getAnalytics()
2026-04-28T16:04:08.418+05:30  INFO 5832 --- [http-nio-8080-exec-1] com.portfolio.config.LoggingAspect       : → Entering: AdminController.getAllProjects()
2026-04-28T16:04:08.423+05:30  INFO 5832 --- [http-nio-8080-exec-2] com.portfolio.config.LoggingAspect       : ← Exiting: AdminController.getAnalytics() (65ms)
2026-04-28T16:04:08.437+05:30  INFO 5832 --- [http-nio-8080-exec-10] com.portfolio.config.LoggingAspect       : ← Exiting: AdminController.getAllStudents() (79ms)
2026-04-28T16:04:08.457+05:30  INFO 5832 --- [http-nio-8080-exec-1] com.portfolio.config.LoggingAspect       : ← Exiting: AdminController.getAllProjects() (38ms)
2026-04-28T16:04:10.887+05:30  INFO 5832 --- [http-nio-8080-exec-6] com.portfolio.config.LoggingAspect       : → Entering: AdminController.getAllProjects()
2026-04-28T16:04:10.888+05:30  INFO 5832 --- [http-nio-8080-exec-9] com.portfolio.config.LoggingAspect       : → Entering: AdminController.getAllStudents()
2026-04-28T16:04:10.900+05:30  INFO 5832 --- [http-nio-8080-exec-6] com.portfolio.config.LoggingAspect       : ← Exiting: AdminController.getAllProjects() (13ms)
2026-04-28T16:04:10.908+05:30  INFO 5832 --- [http-nio-8080-exec-3] com.portfolio.config.LoggingAspect       : → Entering: AdminController.getAnalytics()
2026-04-28T16:04:10.936+05:30  INFO 5832 --- [http-nio-8080-exec-3] com.portfolio.config.LoggingAspect       : ← Exiting: AdminController.getAnalytics() (28ms)
2026-04-28T16:04:10.941+05:30  INFO 5832 --- [http-nio-8080-exec-9] com.portfolio.config.LoggingAspect       : ← Exiting: AdminController.getAllStudents() (53ms)
2026-04-28T16:25:04.305+05:30  INFO 5832 --- [http-nio-8080-exec-6] com.portfolio.config.LoggingAspect       : → Entering: AuthController.loginSendOtp(..)
2026-04-28T16:25:04.798+05:30 ERROR 5832 --- [http-nio-8080-exec-6] com.portfolio.config.LoggingAspect       : ✗ Exception in AuthController.loginSendOtp(..): Bad credentials
2026-04-28T16:25:22.076+05:30  INFO 5832 --- [http-nio-8080-exec-9] com.portfolio.config.LoggingAspect       : → Entering: AuthController.loginSendOtp(..)
2026-04-28T16:25:27.030+05:30  INFO 5832 --- [http-nio-8080-exec-9] com.portfolio.service.EmailService       : Login MFA OTP email sent to mohithach11@gmail.com
2026-04-28T16:25:27.030+05:30  INFO 5832 --- [http-nio-8080-exec-9] com.portfolio.service.AuthService        : Login MFA OTP sent to: mohithach11@gmail.com
2026-04-28T16:25:27.030+05:30  INFO 5832 --- [http-nio-8080-exec-9] com.portfolio.config.LoggingAspect       : ← Exiting: AuthController.loginSendOtp(..) (4954ms)
2026-04-28T16:26:21.044+05:30  INFO 5832 --- [http-nio-8080-exec-4] com.portfolio.config.LoggingAspect       : → Entering: AuthController.loginVerifyOtp(..)
2026-04-28T16:26:21.071+05:30  INFO 5832 --- [http-nio-8080-exec-4] com.portfolio.service.AuthService        : User logged in with MFA: mohithach11@gmail.com
2026-04-28T16:26:21.074+05:30  INFO 5832 --- [http-nio-8080-exec-4] com.portfolio.config.LoggingAspect       : ← Exiting: AuthController.loginVerifyOtp(..) (24ms)
2026-04-28T16:26:21.280+05:30  INFO 5832 --- [http-nio-8080-exec-9] com.portfolio.config.LoggingAspect       : → Entering: StudentController.getFeedback(..)
2026-04-28T16:26:21.280+05:30  INFO 5832 --- [http-nio-8080-exec-3] com.portfolio.config.LoggingAspect       : → Entering: StudentController.getProfile(..)
2026-04-28T16:26:21.326+05:30  INFO 5832 --- [http-nio-8080-exec-5] com.portfolio.config.LoggingAspect       : → Entering: StudentController.getSkills(..)
2026-04-28T16:26:21.329+05:30  INFO 5832 --- [http-nio-8080-exec-7] com.portfolio.config.LoggingAspect       : → Entering: StudentController.getCertifications(..)
2026-04-28T16:26:21.331+05:30  INFO 5832 --- [http-nio-8080-exec-6] com.portfolio.config.LoggingAspect       : → Entering: StudentController.getInternships(..)
2026-04-28T16:26:21.381+05:30  INFO 5832 --- [http-nio-8080-exec-6] com.portfolio.config.LoggingAspect       : ← Exiting: StudentController.getInternships(..) (47ms)
2026-04-28T16:26:21.382+05:30  INFO 5832 --- [http-nio-8080-exec-7] com.portfolio.config.LoggingAspect       : ← Exiting: StudentController.getCertifications(..) (53ms)
2026-04-28T16:26:21.365+05:30  INFO 5832 --- [http-nio-8080-exec-5] com.portfolio.config.LoggingAspect       : ← Exiting: StudentController.getSkills(..) (39ms)
2026-04-28T16:26:21.388+05:30  INFO 5832 --- [http-nio-8080-exec-10] com.portfolio.config.LoggingAspect       : → Entering: StudentController.getProjects(..)
2026-04-28T16:26:21.395+05:30  INFO 5832 --- [http-nio-8080-exec-9] com.portfolio.config.LoggingAspect       : ← Exiting: StudentController.getFeedback(..) (115ms)
2026-04-28T16:26:21.414+05:30  INFO 5832 --- [http-nio-8080-exec-3] com.portfolio.config.LoggingAspect       : ← Exiting: StudentController.getProfile(..) (134ms)
2026-04-28T16:26:21.431+05:30  INFO 5832 --- [http-nio-8080-exec-10] com.portfolio.config.LoggingAspect       : ← Exiting: StudentController.getProjects(..) (40ms)
2026-04-28T16:26:21.468+05:30  INFO 5832 --- [http-nio-8080-exec-7] com.portfolio.config.LoggingAspect       : → Entering: StudentController.getInternships(..)
2026-04-28T16:26:21.479+05:30  INFO 5832 --- [http-nio-8080-exec-7] com.portfolio.config.LoggingAspect       : ← Exiting: StudentController.getInternships(..) (11ms)
2026-04-28T16:26:21.491+05:30  INFO 5832 --- [http-nio-8080-exec-2] com.portfolio.config.LoggingAspect       : → Entering: StudentController.getFeedback(..)
2026-04-28T16:26:21.498+05:30  INFO 5832 --- [http-nio-8080-exec-1] com.portfolio.config.LoggingAspect       : → Entering: StudentController.getSkills(..)
2026-04-28T16:26:21.502+05:30  INFO 5832 --- [http-nio-8080-exec-8] com.portfolio.config.LoggingAspect       : → Entering: StudentController.getHackathons(..)
2026-04-28T16:26:21.502+05:30  INFO 5832 --- [http-nio-8080-exec-5] com.portfolio.config.LoggingAspect       : → Entering: StudentController.getCertifications(..)
2026-04-28T16:26:21.511+05:30  INFO 5832 --- [http-nio-8080-exec-2] com.portfolio.config.LoggingAspect       : ← Exiting: StudentController.getFeedback(..) (19ms)
2026-04-28T16:26:21.511+05:30  INFO 5832 --- [http-nio-8080-exec-1] com.portfolio.config.LoggingAspect       : ← Exiting: StudentController.getSkills(..) (13ms)
2026-04-28T16:26:21.518+05:30  INFO 5832 --- [http-nio-8080-exec-6] com.portfolio.config.LoggingAspect       : → Entering: StudentController.getProjects(..)
2026-04-28T16:26:21.520+05:30  INFO 5832 --- [http-nio-8080-exec-5] com.portfolio.config.LoggingAspect       : ← Exiting: StudentController.getCertifications(..) (18ms)
2026-04-28T16:26:21.532+05:30  INFO 5832 --- [http-nio-8080-exec-8] com.portfolio.config.LoggingAspect       : ← Exiting: StudentController.getHackathons(..) (30ms)
2026-04-28T16:26:21.536+05:30  INFO 5832 --- [http-nio-8080-exec-6] com.portfolio.config.LoggingAspect       : ← Exiting: StudentController.getProjects(..) (18ms)
2026-04-28T16:26:21.548+05:30  INFO 5832 --- [http-nio-8080-exec-4] com.portfolio.config.LoggingAspect       : → Entering: StudentController.getProfile(..)
2026-04-28T16:26:21.581+05:30  INFO 5832 --- [http-nio-8080-exec-4] com.portfolio.config.LoggingAspect       : ← Exiting: StudentController.getProfile(..) (33ms)
2026-04-28T16:26:21.592+05:30  INFO 5832 --- [http-nio-8080-exec-7] com.portfolio.config.LoggingAspect       : → Entering: FileController.serveFile(..)
2026-04-28T16:26:21.596+05:30  INFO 5832 --- [http-nio-8080-exec-9] com.portfolio.config.LoggingAspect       : → Entering: StudentController.getHackathons(..)
2026-04-28T16:26:21.597+05:30  INFO 5832 --- [http-nio-8080-exec-10] com.portfolio.config.LoggingAspect       : → Entering: StudentController.getProjectFeedback(..)
2026-04-28T16:26:21.601+05:30  INFO 5832 --- [http-nio-8080-exec-7] com.portfolio.config.LoggingAspect       : ← Exiting: FileController.serveFile(..) (9ms)
2026-04-28T16:26:21.602+05:30  INFO 5832 --- [http-nio-8080-exec-9] com.portfolio.config.LoggingAspect       : ← Exiting: StudentController.getHackathons(..) (6ms)
2026-04-28T16:26:21.612+05:30  INFO 5832 --- [http-nio-8080-exec-10] com.portfolio.config.LoggingAspect       : ← Exiting: StudentController.getProjectFeedback(..) (12ms)
2026-04-28T16:26:21.650+05:30  INFO 5832 --- [http-nio-8080-exec-2] com.portfolio.config.LoggingAspect       : → Entering: StudentController.getProjectFeedback(..)
2026-04-28T16:26:21.664+05:30  INFO 5832 --- [http-nio-8080-exec-2] com.portfolio.config.LoggingAspect       : ← Exiting: StudentController.getProjectFeedback(..) (14ms)
2026-04-28T16:26:21.700+05:30  INFO 5832 --- [http-nio-8080-exec-5] com.portfolio.config.LoggingAspect       : → Entering: StudentController.getProjectFeedback(..)
2026-04-28T16:26:21.716+05:30  INFO 5832 --- [http-nio-8080-exec-5] com.portfolio.config.LoggingAspect       : ← Exiting: StudentController.getProjectFeedback(..) (16ms)
2026-04-28T16:26:21.762+05:30  INFO 5832 --- [http-nio-8080-exec-1] com.portfolio.config.LoggingAspect       : → Entering: StudentController.getProjectFeedback(..)
2026-04-28T16:26:21.770+05:30  INFO 5832 --- [http-nio-8080-exec-1] com.portfolio.config.LoggingAspect       : ← Exiting: StudentController.getProjectFeedback(..) (8ms)
2026-04-28T16:26:45.311+05:30  INFO 5832 --- [http-nio-8080-exec-6] com.portfolio.config.LoggingAspect       : → Entering: StudentController.saveProfile(..)
2026-04-28T16:26:45.476+05:30  INFO 5832 --- [http-nio-8080-exec-6] com.portfolio.config.LoggingAspect       : ← Exiting: StudentController.saveProfile(..) (165ms)
2026-04-28T16:26:45.565+05:30  INFO 5832 --- [http-nio-8080-exec-5] com.portfolio.config.LoggingAspect       : → Entering: StudentController.getProfile(..)
2026-04-28T16:26:45.602+05:30  INFO 5832 --- [http-nio-8080-exec-5] com.portfolio.config.LoggingAspect       : ← Exiting: StudentController.getProfile(..) (36ms)
2026-04-28T16:26:45.620+05:30  INFO 5832 --- [http-nio-8080-exec-8] com.portfolio.config.LoggingAspect       : → Entering: StudentController.getSkills(..)
2026-04-28T16:26:45.629+05:30  INFO 5832 --- [http-nio-8080-exec-6] com.portfolio.config.LoggingAspect       : → Entering: StudentController.getProjects(..)
2026-04-28T16:26:45.634+05:30  INFO 5832 --- [http-nio-8080-exec-1] com.portfolio.config.LoggingAspect       : → Entering: StudentController.getHackathons(..)
2026-04-28T16:26:45.658+05:30  INFO 5832 --- [http-nio-8080-exec-1] com.portfolio.config.LoggingAspect       : ← Exiting: StudentController.getHackathons(..) (24ms)
2026-04-28T16:26:45.666+05:30  INFO 5832 --- [http-nio-8080-exec-8] com.portfolio.config.LoggingAspect       : ← Exiting: StudentController.getSkills(..) (46ms)
2026-04-28T16:26:45.671+05:30  INFO 5832 --- [http-nio-8080-exec-10] com.portfolio.config.LoggingAspect       : → Entering: StudentController.getFeedback(..)
2026-04-28T16:26:45.671+05:30  INFO 5832 --- [http-nio-8080-exec-6] com.portfolio.config.LoggingAspect       : ← Exiting: StudentController.getProjects(..) (42ms)
2026-04-28T16:26:45.696+05:30  INFO 5832 --- [http-nio-8080-exec-10] com.portfolio.config.LoggingAspect       : ← Exiting: StudentController.getFeedback(..) (25ms)
2026-04-28T16:26:45.711+05:30  INFO 5832 --- [http-nio-8080-exec-9] com.portfolio.config.LoggingAspect       : → Entering: StudentController.getInternships(..)
2026-04-28T16:26:45.713+05:30  INFO 5832 --- [http-nio-8080-exec-4] com.portfolio.config.LoggingAspect       : → Entering: StudentController.getCertifications(..)
2026-04-28T16:26:45.728+05:30  INFO 5832 --- [http-nio-8080-exec-4] com.portfolio.config.LoggingAspect       : ← Exiting: StudentController.getCertifications(..) (15ms)
2026-04-28T16:26:45.734+05:30  INFO 5832 --- [http-nio-8080-exec-9] com.portfolio.config.LoggingAspect       : ← Exiting: StudentController.getInternships(..) (23ms)
2026-04-28T16:26:45.812+05:30  INFO 5832 --- [http-nio-8080-exec-2] com.portfolio.config.LoggingAspect       : → Entering: StudentController.getProjectFeedback(..)
2026-04-28T16:26:45.822+05:30  INFO 5832 --- [http-nio-8080-exec-2] com.portfolio.config.LoggingAspect       : ← Exiting: StudentController.getProjectFeedback(..) (10ms)
2026-04-28T16:26:45.881+05:30  INFO 5832 --- [http-nio-8080-exec-7] com.portfolio.config.LoggingAspect       : → Entering: StudentController.getProjectFeedback(..)
2026-04-28T16:26:45.896+05:30  INFO 5832 --- [http-nio-8080-exec-7] com.portfolio.config.LoggingAspect       : ← Exiting: StudentController.getProjectFeedback(..) (15ms)
2026-04-28T16:26:55.655+05:30  INFO 5832 --- [http-nio-8080-exec-5] com.portfolio.config.LoggingAspect       : → Entering: FileController.serveFile(..)
2026-04-28T16:26:55.655+05:30  INFO 5832 --- [http-nio-8080-exec-5] com.portfolio.config.LoggingAspect       : ← Exiting: FileController.serveFile(..) (0ms)
2026-04-28T16:26:55.841+05:30  INFO 5832 --- [http-nio-8080-exec-1] com.portfolio.config.LoggingAspect       : → Entering: FileController.serveFile(..)
2026-04-28T16:26:55.853+05:30  INFO 5832 --- [http-nio-8080-exec-1] com.portfolio.config.LoggingAspect       : ← Exiting: FileController.serveFile(..) (1ms)
2026-04-28T16:27:11.638+05:30  INFO 5832 --- [http-nio-8080-exec-8] com.portfolio.config.LoggingAspect       : → Entering: FileController.serveFile(..)
2026-04-28T16:27:11.638+05:30  INFO 5832 --- [http-nio-8080-exec-8] com.portfolio.config.LoggingAspect       : ← Exiting: FileController.serveFile(..) (0ms)
2026-04-28T16:27:22.351+05:30  INFO 5832 --- [http-nio-8080-exec-6] com.portfolio.config.LoggingAspect       : → Entering: FileController.serveFile(..)
2026-04-28T16:27:22.355+05:30  INFO 5832 --- [http-nio-8080-exec-6] com.portfolio.config.LoggingAspect       : ← Exiting: FileController.serveFile(..) (2ms)
2026-04-28T16:30:10.108+05:30  INFO 5832 --- [http-nio-8080-exec-8] com.portfolio.config.LoggingAspect       : → Entering: AuthController.loginSendOtp(..)
2026-04-28T16:30:16.055+05:30  INFO 5832 --- [http-nio-8080-exec-8] com.portfolio.service.EmailService       : Login MFA OTP email sent to mohithach11@gmail.com
2026-04-28T16:30:16.055+05:30  INFO 5832 --- [http-nio-8080-exec-8] com.portfolio.service.AuthService        : Login MFA OTP sent to: mohithach11@gmail.com
2026-04-28T16:30:16.055+05:30  INFO 5832 --- [http-nio-8080-exec-8] com.portfolio.config.LoggingAspect       : ← Exiting: AuthController.loginSendOtp(..) (5945ms)
2026-04-28T16:30:32.247+05:30  INFO 5832 --- [http-nio-8080-exec-2] com.portfolio.config.LoggingAspect       : → Entering: AuthController.loginVerifyOtp(..)
2026-04-28T16:30:32.256+05:30  INFO 5832 --- [http-nio-8080-exec-2] com.portfolio.service.AuthService        : User logged in with MFA: mohithach11@gmail.com
2026-04-28T16:30:32.256+05:30  INFO 5832 --- [http-nio-8080-exec-2] com.portfolio.config.LoggingAspect       : ← Exiting: AuthController.loginVerifyOtp(..) (8ms)
2026-04-28T16:30:32.431+05:30  INFO 5832 --- [http-nio-8080-exec-8] com.portfolio.config.LoggingAspect       : → Entering: StudentController.getProjects(..)
2026-04-28T16:30:32.424+05:30  INFO 5832 --- [http-nio-8080-exec-5] com.portfolio.config.LoggingAspect       : → Entering: StudentController.getInternships(..)
2026-04-28T16:30:32.431+05:30  INFO 5832 --- [http-nio-8080-exec-2] com.portfolio.config.LoggingAspect       : → Entering: StudentController.getCertifications(..)
2026-04-28T16:30:32.433+05:30  INFO 5832 --- [http-nio-8080-exec-1] com.portfolio.config.LoggingAspect       : → Entering: StudentController.getHackathons(..)
2026-04-28T16:30:32.441+05:30  INFO 5832 --- [http-nio-8080-exec-9] com.portfolio.config.LoggingAspect       : → Entering: StudentController.getSkills(..)
2026-04-28T16:30:32.441+05:30  INFO 5832 --- [http-nio-8080-exec-4] com.portfolio.config.LoggingAspect       : → Entering: StudentController.getProfile(..)
2026-04-28T16:30:32.445+05:30  INFO 5832 --- [http-nio-8080-exec-1] com.portfolio.config.LoggingAspect       : ← Exiting: StudentController.getHackathons(..) (6ms)
2026-04-28T16:30:32.445+05:30  INFO 5832 --- [http-nio-8080-exec-5] com.portfolio.config.LoggingAspect       : ← Exiting: StudentController.getInternships(..) (12ms)
2026-04-28T16:30:32.454+05:30  INFO 5832 --- [http-nio-8080-exec-9] com.portfolio.config.LoggingAspect       : ← Exiting: StudentController.getSkills(..) (13ms)
2026-04-28T16:30:32.456+05:30  INFO 5832 --- [http-nio-8080-exec-8] com.portfolio.config.LoggingAspect       : ← Exiting: StudentController.getProjects(..) (23ms)
2026-04-28T16:30:32.462+05:30  INFO 5832 --- [http-nio-8080-exec-4] com.portfolio.config.LoggingAspect       : ← Exiting: StudentController.getProfile(..) (21ms)
2026-04-28T16:30:32.467+05:30  INFO 5832 --- [http-nio-8080-exec-2] com.portfolio.config.LoggingAspect       : ← Exiting: StudentController.getCertifications(..) (32ms)
2026-04-28T16:30:32.521+05:30  INFO 5832 --- [http-nio-8080-exec-5] com.portfolio.config.LoggingAspect       : → Entering: StudentController.getProfile(..)
2026-04-28T16:30:32.523+05:30  INFO 5832 --- [http-nio-8080-exec-3] com.portfolio.config.LoggingAspect       : → Entering: StudentController.getSkills(..)
2026-04-28T16:30:32.525+05:30  INFO 5832 --- [http-nio-8080-exec-7] com.portfolio.config.LoggingAspect       : → Entering: StudentController.getFeedback(..)
2026-04-28T16:30:32.536+05:30  INFO 5832 --- [http-nio-8080-exec-1] com.portfolio.config.LoggingAspect       : → Entering: StudentController.getProjects(..)
2026-04-28T16:30:32.540+05:30  INFO 5832 --- [http-nio-8080-exec-5] com.portfolio.config.LoggingAspect       : ← Exiting: StudentController.getProfile(..) (19ms)
2026-04-28T16:30:32.548+05:30  INFO 5832 --- [http-nio-8080-exec-3] com.portfolio.config.LoggingAspect       : ← Exiting: StudentController.getSkills(..) (23ms)
2026-04-28T16:30:32.554+05:30  INFO 5832 --- [http-nio-8080-exec-1] com.portfolio.config.LoggingAspect       : ← Exiting: StudentController.getProjects(..) (16ms)
2026-04-28T16:30:32.569+05:30  INFO 5832 --- [http-nio-8080-exec-10] com.portfolio.config.LoggingAspect       : → Entering: StudentController.getHackathons(..)
2026-04-28T16:30:32.573+05:30  INFO 5832 --- [http-nio-8080-exec-6] com.portfolio.config.LoggingAspect       : → Entering: StudentController.getInternships(..)
2026-04-28T16:30:32.582+05:30  INFO 5832 --- [http-nio-8080-exec-10] com.portfolio.config.LoggingAspect       : ← Exiting: StudentController.getHackathons(..) (13ms)
2026-04-28T16:30:32.582+05:30  INFO 5832 --- [http-nio-8080-exec-7] com.portfolio.config.LoggingAspect       : ← Exiting: StudentController.getFeedback(..) (57ms)
2026-04-28T16:30:32.591+05:30  INFO 5832 --- [http-nio-8080-exec-6] com.portfolio.config.LoggingAspect       : ← Exiting: StudentController.getInternships(..) (18ms)
2026-04-28T16:30:32.608+05:30  INFO 5832 --- [http-nio-8080-exec-9] com.portfolio.config.LoggingAspect       : → Entering: StudentController.getCertifications(..)
2026-04-28T16:30:32.623+05:30  INFO 5832 --- [http-nio-8080-exec-9] com.portfolio.config.LoggingAspect       : ← Exiting: StudentController.getCertifications(..) (15ms)
2026-04-28T16:30:32.641+05:30  INFO 5832 --- [http-nio-8080-exec-8] com.portfolio.config.LoggingAspect       : → Entering: StudentController.getFeedback(..)
2026-04-28T16:30:32.654+05:30  INFO 5832 --- [http-nio-8080-exec-5] com.portfolio.config.LoggingAspect       : → Entering: FileController.serveFile(..)
2026-04-28T16:30:32.656+05:30  INFO 5832 --- [http-nio-8080-exec-5] com.portfolio.config.LoggingAspect       : ← Exiting: FileController.serveFile(..) (2ms)
2026-04-28T16:30:32.666+05:30  INFO 5832 --- [http-nio-8080-exec-8] com.portfolio.config.LoggingAspect       : ← Exiting: StudentController.getFeedback(..) (25ms)
2026-04-28T16:30:32.679+05:30  INFO 5832 --- [http-nio-8080-exec-2] com.portfolio.config.LoggingAspect       : → Entering: StudentController.getProjectFeedback(..)
2026-04-28T16:30:32.691+05:30  INFO 5832 --- [http-nio-8080-exec-2] com.portfolio.config.LoggingAspect       : ← Exiting: StudentController.getProjectFeedback(..) (12ms)
2026-04-28T16:30:32.734+05:30  INFO 5832 --- [http-nio-8080-exec-1] com.portfolio.config.LoggingAspect       : → Entering: StudentController.getProjectFeedback(..)
2026-04-28T16:30:32.752+05:30  INFO 5832 --- [http-nio-8080-exec-1] com.portfolio.config.LoggingAspect       : ← Exiting: StudentController.getProjectFeedback(..) (18ms)
2026-04-28T16:30:32.786+05:30  INFO 5832 --- [http-nio-8080-exec-3] com.portfolio.config.LoggingAspect       : → Entering: StudentController.getProjectFeedback(..)
2026-04-28T16:30:32.795+05:30  INFO 5832 --- [http-nio-8080-exec-3] com.portfolio.config.LoggingAspect       : ← Exiting: StudentController.getProjectFeedback(..) (9ms)
2026-04-28T16:30:32.828+05:30  INFO 5832 --- [http-nio-8080-exec-10] com.portfolio.config.LoggingAspect       : → Entering: StudentController.getProjectFeedback(..)
2026-04-28T16:30:32.841+05:30  INFO 5832 --- [http-nio-8080-exec-10] com.portfolio.config.LoggingAspect       : ← Exiting: StudentController.getProjectFeedback(..) (13ms)
2026-04-28T16:31:12.391+05:30  INFO 5832 --- [http-nio-8080-exec-6] com.portfolio.config.LoggingAspect       : → Entering: StudentController.saveProfile(..)
2026-04-28T16:31:12.418+05:30  INFO 5832 --- [http-nio-8080-exec-6] com.portfolio.config.LoggingAspect       : ← Exiting: StudentController.saveProfile(..) (26ms)
2026-04-28T16:31:12.552+05:30  INFO 5832 --- [http-nio-8080-exec-10] com.portfolio.config.LoggingAspect       : → Entering: StudentController.getInternships(..)
2026-04-28T16:31:12.559+05:30  INFO 5832 --- [http-nio-8080-exec-6] com.portfolio.config.LoggingAspect       : → Entering: StudentController.getFeedback(..)
2026-04-28T16:31:12.564+05:30  INFO 5832 --- [http-nio-8080-exec-10] com.portfolio.config.LoggingAspect       : ← Exiting: StudentController.getInternships(..) (12ms)
2026-04-28T16:31:12.568+05:30  INFO 5832 --- [http-nio-8080-exec-7] com.portfolio.config.LoggingAspect       : → Entering: StudentController.getProjects(..)
2026-04-28T16:31:12.575+05:30  INFO 5832 --- [http-nio-8080-exec-6] com.portfolio.config.LoggingAspect       : ← Exiting: StudentController.getFeedback(..) (16ms)
2026-04-28T16:31:12.586+05:30  INFO 5832 --- [http-nio-8080-exec-3] com.portfolio.config.LoggingAspect       : → Entering: StudentController.getProfile(..)
2026-04-28T16:31:12.605+05:30  INFO 5832 --- [http-nio-8080-exec-3] com.portfolio.config.LoggingAspect       : ← Exiting: StudentController.getProfile(..) (17ms)
2026-04-28T16:31:12.605+05:30  INFO 5832 --- [http-nio-8080-exec-7] com.portfolio.config.LoggingAspect       : ← Exiting: StudentController.getProjects(..) (35ms)
2026-04-28T16:31:12.626+05:30  INFO 5832 --- [http-nio-8080-exec-1] com.portfolio.config.LoggingAspect       : → Entering: StudentController.getSkills(..)
2026-04-28T16:31:12.630+05:30  INFO 5832 --- [http-nio-8080-exec-9] com.portfolio.config.LoggingAspect       : → Entering: StudentController.getHackathons(..)
2026-04-28T16:31:12.635+05:30  INFO 5832 --- [http-nio-8080-exec-1] com.portfolio.config.LoggingAspect       : ← Exiting: StudentController.getSkills(..) (9ms)
2026-04-28T16:31:12.642+05:30  INFO 5832 --- [http-nio-8080-exec-9] com.portfolio.config.LoggingAspect       : ← Exiting: StudentController.getHackathons(..) (8ms)
2026-04-28T16:31:12.652+05:30  INFO 5832 --- [http-nio-8080-exec-8] com.portfolio.config.LoggingAspect       : → Entering: StudentController.getCertifications(..)
2026-04-28T16:31:12.659+05:30  INFO 5832 --- [http-nio-8080-exec-8] com.portfolio.config.LoggingAspect       : ← Exiting: StudentController.getCertifications(..) (7ms)
2026-04-28T16:31:12.764+05:30  INFO 5832 --- [http-nio-8080-exec-5] com.portfolio.config.LoggingAspect       : → Entering: StudentController.getProjectFeedback(..)
2026-04-28T16:31:12.776+05:30  INFO 5832 --- [http-nio-8080-exec-5] com.portfolio.config.LoggingAspect       : ← Exiting: StudentController.getProjectFeedback(..) (12ms)
2026-04-28T16:31:12.829+05:30  INFO 5832 --- [http-nio-8080-exec-2] com.portfolio.config.LoggingAspect       : → Entering: StudentController.getProjectFeedback(..)
2026-04-28T16:31:12.839+05:30  INFO 5832 --- [http-nio-8080-exec-2] com.portfolio.config.LoggingAspect       : ← Exiting: StudentController.getProjectFeedback(..) (8ms)
2026-04-28T16:31:20.137+05:30  INFO 5832 --- [http-nio-8080-exec-10] com.portfolio.config.LoggingAspect       : → Entering: FileController.serveFile(..)
2026-04-28T16:31:20.151+05:30  INFO 5832 --- [http-nio-8080-exec-10] com.portfolio.config.LoggingAspect       : ← Exiting: FileController.serveFile(..) (14ms)
2026-04-28T16:31:20.268+05:30  INFO 5832 --- [http-nio-8080-exec-6] com.portfolio.config.LoggingAspect       : → Entering: FileController.serveFile(..)
2026-04-28T16:31:20.270+05:30  INFO 5832 --- [http-nio-8080-exec-6] com.portfolio.config.LoggingAspect       : ← Exiting: FileController.serveFile(..) (2ms)
2026-04-28T16:32:14.029+05:30  INFO 5832 --- [http-nio-8080-exec-5] com.portfolio.config.LoggingAspect       : → Entering: AuthController.loginSendOtp(..)
2026-04-28T16:32:14.395+05:30 ERROR 5832 --- [http-nio-8080-exec-5] com.portfolio.config.LoggingAspect       : ✗ Exception in AuthController.loginSendOtp(..): Bad credentials
2026-04-28T16:32:35.466+05:30  INFO 5832 --- [http-nio-8080-exec-6] com.portfolio.config.LoggingAspect       : → Entering: AuthController.loginSendOtp(..)
2026-04-28T16:32:35.917+05:30 ERROR 5832 --- [http-nio-8080-exec-6] com.portfolio.config.LoggingAspect       : ✗ Exception in AuthController.loginSendOtp(..): Bad credentials
2026-04-28T16:32:59.496+05:30  INFO 5832 --- [http-nio-8080-exec-3] com.portfolio.config.LoggingAspect       : → Entering: AuthController.sendOtp(..)
2026-04-28T16:33:05.111+05:30  INFO 5832 --- [http-nio-8080-exec-3] com.portfolio.service.EmailService       : OTP email sent to saiswetha.balasu@gmail.com
2026-04-28T16:33:05.111+05:30  INFO 5832 --- [http-nio-8080-exec-3] com.portfolio.service.AuthService        : OTP sent to: saiswetha.balasu@gmail.com
2026-04-28T16:33:05.111+05:30  INFO 5832 --- [http-nio-8080-exec-3] com.portfolio.config.LoggingAspect       : ← Exiting: AuthController.sendOtp(..) (5611ms)
2026-04-28T16:33:42.493+05:30  INFO 5832 --- [http-nio-8080-exec-1] com.portfolio.config.LoggingAspect       : → Entering: AuthController.verifyOtp(..)
2026-04-28T16:33:42.496+05:30 ERROR 5832 --- [http-nio-8080-exec-1] com.portfolio.config.LoggingAspect       : ✗ Exception in AuthController.verifyOtp(..): Invalid or expired OTP
2026-04-28T16:33:52.766+05:30  INFO 5832 --- [http-nio-8080-exec-4] com.portfolio.config.LoggingAspect       : → Entering: AuthController.verifyOtp(..)
2026-04-28T16:33:52.769+05:30 ERROR 5832 --- [http-nio-8080-exec-4] com.portfolio.config.LoggingAspect       : ✗ Exception in AuthController.verifyOtp(..): Invalid or expired OTP
2026-04-28T16:34:07.815+05:30  INFO 5832 --- [http-nio-8080-exec-2] com.portfolio.config.LoggingAspect       : → Entering: AuthController.sendOtp(..)
2026-04-28T16:34:13.443+05:30  INFO 5832 --- [http-nio-8080-exec-2] com.portfolio.service.EmailService       : OTP email sent to saiswetha.balasu@gmail.com
2026-04-28T16:34:13.443+05:30  INFO 5832 --- [http-nio-8080-exec-2] com.portfolio.service.AuthService        : OTP sent to: saiswetha.balasu@gmail.com
2026-04-28T16:34:13.443+05:30  INFO 5832 --- [http-nio-8080-exec-2] com.portfolio.config.LoggingAspect       : ← Exiting: AuthController.sendOtp(..) (5626ms)
2026-04-28T16:35:25.450+05:30  INFO 5832 --- [http-nio-8080-exec-7] com.portfolio.config.LoggingAspect       : → Entering: AuthController.sendOtp(..)
2026-04-28T16:35:31.339+05:30  INFO 5832 --- [http-nio-8080-exec-7] com.portfolio.service.EmailService       : OTP email sent to sohitha31@gmail.com
2026-04-28T16:35:31.339+05:30  INFO 5832 --- [http-nio-8080-exec-7] com.portfolio.service.AuthService        : OTP sent to: sohitha31@gmail.com
2026-04-28T16:35:31.339+05:30  INFO 5832 --- [http-nio-8080-exec-7] com.portfolio.config.LoggingAspect       : ← Exiting: AuthController.sendOtp(..) (5887ms)
2026-04-28T16:35:43.519+05:30  INFO 5832 --- [http-nio-8080-exec-9] com.portfolio.config.LoggingAspect       : → Entering: AuthController.verifyOtp(..)
2026-04-28T16:35:43.521+05:30  INFO 5832 --- [http-nio-8080-exec-9] com.portfolio.config.LoggingAspect       : ← Exiting: AuthController.verifyOtp(..) (0ms)
2026-04-28T16:35:58.733+05:30  INFO 5832 --- [http-nio-8080-exec-8] com.portfolio.config.LoggingAspect       : → Entering: AuthController.register(..)
2026-04-28T16:35:59.137+05:30  INFO 5832 --- [http-nio-8080-exec-8] com.portfolio.service.AuthService        : New user registered: sohitha31@gmail.com (ADMIN)
2026-04-28T16:36:04.162+05:30  INFO 5832 --- [http-nio-8080-exec-8] com.portfolio.service.EmailService       : Welcome email sent to sohitha31@gmail.com
2026-04-28T16:36:04.165+05:30  INFO 5832 --- [http-nio-8080-exec-8] com.portfolio.config.LoggingAspect       : ← Exiting: AuthController.register(..) (5432ms)
2026-04-28T16:36:04.709+05:30  INFO 5832 --- [http-nio-8080-exec-9] com.portfolio.config.LoggingAspect       : → Entering: AdminController.getAnalytics()
2026-04-28T16:36:04.709+05:30  INFO 5832 --- [http-nio-8080-exec-3] com.portfolio.config.LoggingAspect       : → Entering: AdminController.getAllProjects()
2026-04-28T16:36:04.709+05:30  INFO 5832 --- [http-nio-8080-exec-7] com.portfolio.config.LoggingAspect       : → Entering: AdminController.getAllStudents()
2026-04-28T16:36:04.728+05:30  INFO 5832 --- [http-nio-8080-exec-3] com.portfolio.config.LoggingAspect       : ← Exiting: AdminController.getAllProjects() (19ms)
2026-04-28T16:36:04.757+05:30  INFO 5832 --- [http-nio-8080-exec-1] com.portfolio.config.LoggingAspect       : → Entering: AdminController.getAllProjects()
2026-04-28T16:36:04.759+05:30  INFO 5832 --- [http-nio-8080-exec-7] com.portfolio.config.LoggingAspect       : ← Exiting: AdminController.getAllStudents() (50ms)
2026-04-28T16:36:04.770+05:30  INFO 5832 --- [http-nio-8080-exec-1] com.portfolio.config.LoggingAspect       : ← Exiting: AdminController.getAllProjects() (13ms)
2026-04-28T16:36:04.784+05:30  INFO 5832 --- [http-nio-8080-exec-8] com.portfolio.config.LoggingAspect       : → Entering: AdminController.getAllStudents()
2026-04-28T16:36:04.792+05:30  INFO 5832 --- [http-nio-8080-exec-4] com.portfolio.config.LoggingAspect       : → Entering: AdminController.getAllProjects()
2026-04-28T16:36:04.888+05:30  INFO 5832 --- [http-nio-8080-exec-4] com.portfolio.config.LoggingAspect       : ← Exiting: AdminController.getAllProjects() (96ms)
2026-04-28T16:36:04.911+05:30  INFO 5832 --- [http-nio-8080-exec-8] com.portfolio.config.LoggingAspect       : ← Exiting: AdminController.getAllStudents() (127ms)
2026-04-28T16:36:04.935+05:30  INFO 5832 --- [http-nio-8080-exec-5] com.portfolio.config.LoggingAspect       : → Entering: AdminController.getAllProjects()
2026-04-28T16:36:04.939+05:30  INFO 5832 --- [http-nio-8080-exec-9] com.portfolio.config.LoggingAspect       : ← Exiting: AdminController.getAnalytics() (230ms)
2026-04-28T16:36:04.953+05:30  INFO 5832 --- [http-nio-8080-exec-5] com.portfolio.config.LoggingAspect       : ← Exiting: AdminController.getAllProjects() (18ms)
2026-04-28T16:36:04.958+05:30  INFO 5832 --- [http-nio-8080-exec-2] com.portfolio.config.LoggingAspect       : → Entering: AdminController.getAllStudents()
2026-04-28T16:36:04.977+05:30  INFO 5832 --- [http-nio-8080-exec-10] com.portfolio.config.LoggingAspect       : → Entering: AdminController.getAnalytics()
2026-04-28T16:36:04.999+05:30  INFO 5832 --- [http-nio-8080-exec-2] com.portfolio.config.LoggingAspect       : ← Exiting: AdminController.getAllStudents() (41ms)
2026-04-28T16:36:05.001+05:30  INFO 5832 --- [http-nio-8080-exec-10] com.portfolio.config.LoggingAspect       : ← Exiting: AdminController.getAnalytics() (22ms)
2026-04-28T16:36:05.058+05:30  INFO 5832 --- [http-nio-8080-exec-6] com.portfolio.config.LoggingAspect       : → Entering: AdminController.getAllStudents()
2026-04-28T16:36:05.063+05:30  INFO 5832 --- [http-nio-8080-exec-3] com.portfolio.config.LoggingAspect       : → Entering: AdminController.getAnalytics()
2026-04-28T16:36:05.091+05:30  INFO 5832 --- [http-nio-8080-exec-6] com.portfolio.config.LoggingAspect       : ← Exiting: AdminController.getAllStudents() (33ms)
2026-04-28T16:36:05.093+05:30  INFO 5832 --- [http-nio-8080-exec-3] com.portfolio.config.LoggingAspect       : ← Exiting: AdminController.getAnalytics() (30ms)
2026-04-28T16:36:05.127+05:30  INFO 5832 --- [http-nio-8080-exec-7] com.portfolio.config.LoggingAspect       : → Entering: AdminController.getAnalytics()
2026-04-28T16:36:05.148+05:30  INFO 5832 --- [http-nio-8080-exec-7] com.portfolio.config.LoggingAspect       : ← Exiting: AdminController.getAnalytics() (21ms)
2026-04-28T16:36:07.228+05:30  INFO 5832 --- [http-nio-8080-exec-4] com.portfolio.config.LoggingAspect       : → Entering: AdminController.getAllProjects()
2026-04-28T16:36:07.233+05:30  INFO 5832 --- [http-nio-8080-exec-8] com.portfolio.config.LoggingAspect       : → Entering: AdminController.getAnalytics()
2026-04-28T16:36:07.233+05:30  INFO 5832 --- [http-nio-8080-exec-1] com.portfolio.config.LoggingAspect       : → Entering: AdminController.getAllStudents()
2026-04-28T16:36:07.245+05:30  INFO 5832 --- [http-nio-8080-exec-4] com.portfolio.config.LoggingAspect       : ← Exiting: AdminController.getAllProjects() (15ms)
2026-04-28T16:36:07.266+05:30  INFO 5832 --- [http-nio-8080-exec-1] com.portfolio.config.LoggingAspect       : ← Exiting: AdminController.getAllStudents() (33ms)
2026-04-28T16:36:07.279+05:30  INFO 5832 --- [http-nio-8080-exec-8] com.portfolio.config.LoggingAspect       : ← Exiting: AdminController.getAnalytics() (46ms)
2026-04-28T16:36:09.506+05:30  INFO 5832 --- [http-nio-8080-exec-2] com.portfolio.config.LoggingAspect       : → Entering: AdminController.getStudentProfile(..)
2026-04-28T16:36:09.506+05:30  INFO 5832 --- [http-nio-8080-exec-10] com.portfolio.config.LoggingAspect       : → Entering: StudentController.getSkills(..)
2026-04-28T16:36:09.514+05:30  INFO 5832 --- [http-nio-8080-exec-10] com.portfolio.config.LoggingAspect       : ← Exiting: StudentController.getSkills(..) (8ms)
2026-04-28T16:36:09.517+05:30  INFO 5832 --- [http-nio-8080-exec-2] com.portfolio.config.LoggingAspect       : ← Exiting: AdminController.getStudentProfile(..) (11ms)
2026-04-28T16:36:09.526+05:30  INFO 5832 --- [http-nio-8080-exec-9] com.portfolio.config.LoggingAspect       : → Entering: StudentController.getCertifications(..)
2026-04-28T16:36:09.538+05:30  INFO 5832 --- [http-nio-8080-exec-1] com.portfolio.config.LoggingAspect       : → Entering: StudentController.getProjects(..)
2026-04-28T16:36:09.544+05:30  INFO 5832 --- [http-nio-8080-exec-8] com.portfolio.config.LoggingAspect       : → Entering: StudentController.getInternships(..)
2026-04-28T16:36:09.544+05:30  INFO 5832 --- [http-nio-8080-exec-9] com.portfolio.config.LoggingAspect       : ← Exiting: StudentController.getCertifications(..) (16ms)
2026-04-28T16:36:09.551+05:30  INFO 5832 --- [http-nio-8080-exec-5] com.portfolio.config.LoggingAspect       : → Entering: StudentController.getHackathons(..)
2026-04-28T16:36:09.554+05:30  INFO 5832 --- [http-nio-8080-exec-8] com.portfolio.config.LoggingAspect       : ← Exiting: StudentController.getInternships(..) (10ms)
2026-04-28T16:36:09.563+05:30  INFO 5832 --- [http-nio-8080-exec-5] com.portfolio.config.LoggingAspect       : ← Exiting: StudentController.getHackathons(..) (12ms)
2026-04-28T16:36:09.565+05:30  INFO 5832 --- [http-nio-8080-exec-1] com.portfolio.config.LoggingAspect       : ← Exiting: StudentController.getProjects(..) (27ms)
2026-04-28T16:36:20.591+05:30  INFO 5832 --- [http-nio-8080-exec-7] com.portfolio.config.LoggingAspect       : → Entering: AdminController.getAllProjects()
2026-04-28T16:36:20.593+05:30  INFO 5832 --- [http-nio-8080-exec-10] com.portfolio.config.LoggingAspect       : → Entering: AdminController.getAllStudents()
2026-04-28T16:36:20.603+05:30  INFO 5832 --- [http-nio-8080-exec-7] com.portfolio.config.LoggingAspect       : ← Exiting: AdminController.getAllProjects() (10ms)
2026-04-28T16:36:20.603+05:30  INFO 5832 --- [http-nio-8080-exec-2] com.portfolio.config.LoggingAspect       : → Entering: AdminController.getAnalytics()
2026-04-28T16:36:20.636+05:30  INFO 5832 --- [http-nio-8080-exec-10] com.portfolio.config.LoggingAspect       : ← Exiting: AdminController.getAllStudents() (43ms)
2026-04-28T16:36:20.645+05:30  INFO 5832 --- [http-nio-8080-exec-2] com.portfolio.config.LoggingAspect       : ← Exiting: AdminController.getAnalytics() (40ms)
2026-04-28T16:36:51.061+05:30  INFO 5832 --- [http-nio-8080-exec-8] com.portfolio.config.LoggingAspect       : → Entering: AdminController.updateProjectStatus(..)
2026-04-28T16:36:51.130+05:30  INFO 5832 --- [http-nio-8080-exec-8] com.portfolio.config.LoggingAspect       : ← Exiting: AdminController.updateProjectStatus(..) (64ms)
2026-04-28T16:36:51.196+05:30  INFO 5832 --- [http-nio-8080-exec-7] com.portfolio.config.LoggingAspect       : → Entering: AdminController.getAnalytics()
2026-04-28T16:36:51.196+05:30  INFO 5832 --- [http-nio-8080-exec-6] com.portfolio.config.LoggingAspect       : → Entering: AdminController.getAllProjects()
2026-04-28T16:36:51.209+05:30  INFO 5832 --- [http-nio-8080-exec-6] com.portfolio.config.LoggingAspect       : ← Exiting: AdminController.getAllProjects() (13ms)
2026-04-28T16:36:51.223+05:30  INFO 5832 --- [http-nio-8080-exec-7] com.portfolio.config.LoggingAspect       : ← Exiting: AdminController.getAnalytics() (27ms)
2026-04-28T16:36:51.247+05:30  INFO 5832 --- [http-nio-8080-exec-4] com.portfolio.config.LoggingAspect       : → Entering: AdminController.getAllStudents()
2026-04-28T16:36:51.293+05:30  INFO 5832 --- [http-nio-8080-exec-4] com.portfolio.config.LoggingAspect       : ← Exiting: AdminController.getAllStudents() (44ms)
2026-04-28T16:36:53.406+05:30  INFO 5832 --- [http-nio-8080-exec-10] com.portfolio.config.LoggingAspect       : → Entering: AdminController.getAllStudents()
2026-04-28T16:36:53.426+05:30  INFO 5832 --- [http-nio-8080-exec-2] com.portfolio.config.LoggingAspect       : → Entering: AdminController.getAllProjects()
2026-04-28T16:36:53.435+05:30  INFO 5832 --- [http-nio-8080-exec-10] com.portfolio.config.LoggingAspect       : ← Exiting: AdminController.getAllStudents() (29ms)
2026-04-28T16:36:53.439+05:30  INFO 5832 --- [http-nio-8080-exec-2] com.portfolio.config.LoggingAspect       : ← Exiting: AdminController.getAllProjects() (13ms)
2026-04-28T16:36:53.441+05:30  INFO 5832 --- [http-nio-8080-exec-9] com.portfolio.config.LoggingAspect       : → Entering: AdminController.getAnalytics()
2026-04-28T16:36:53.460+05:30  INFO 5832 --- [http-nio-8080-exec-9] com.portfolio.config.LoggingAspect       : ← Exiting: AdminController.getAnalytics() (19ms)
2026-04-28T16:37:06.967+05:30  INFO 5832 --- [http-nio-8080-exec-5] com.portfolio.config.LoggingAspect       : → Entering: AdminController.giveFeedback(..)
2026-04-28T16:37:11.036+05:30  INFO 5832 --- [http-nio-8080-exec-10] com.portfolio.config.LoggingAspect       : → Entering: AdminController.giveFeedback(..)
2026-04-28T16:37:11.709+05:30  INFO 5832 --- [http-nio-8080-exec-5] com.portfolio.service.EmailService       : Feedback notification sent to padmach38@gmail.com
2026-04-28T16:37:11.715+05:30  INFO 5832 --- [http-nio-8080-exec-5] com.portfolio.config.LoggingAspect       : ← Exiting: AdminController.giveFeedback(..) (4748ms)
2026-04-28T16:37:11.785+05:30  INFO 5832 --- [http-nio-8080-exec-8] com.portfolio.config.LoggingAspect       : → Entering: AdminController.updateProjectStatus(..)
2026-04-28T16:37:16.366+05:30  INFO 5832 --- [http-nio-8080-exec-10] com.portfolio.service.EmailService       : Feedback notification sent to padmach38@gmail.com
2026-04-28T16:37:16.378+05:30  INFO 5832 --- [http-nio-8080-exec-10] com.portfolio.config.LoggingAspect       : ← Exiting: AdminController.giveFeedback(..) (5342ms)
2026-04-28T16:37:16.391+05:30  INFO 5832 --- [http-nio-8080-exec-8] com.portfolio.config.LoggingAspect       : ← Exiting: AdminController.updateProjectStatus(..) (4606ms)
2026-04-28T16:37:16.456+05:30  INFO 5832 --- [http-nio-8080-exec-6] com.portfolio.config.LoggingAspect       : → Entering: AdminController.getAllProjects()
2026-04-28T16:37:16.480+05:30  INFO 5832 --- [http-nio-8080-exec-1] com.portfolio.config.LoggingAspect       : → Entering: AdminController.updateProjectStatus(..)
2026-04-28T16:37:16.488+05:30  INFO 5832 --- [http-nio-8080-exec-2] com.portfolio.config.LoggingAspect       : → Entering: AdminController.getAllStudents()
2026-04-28T16:37:16.491+05:30  INFO 5832 --- [http-nio-8080-exec-5] com.portfolio.config.LoggingAspect       : → Entering: AdminController.getAnalytics()
2026-04-28T16:37:16.500+05:30  INFO 5832 --- [http-nio-8080-exec-6] com.portfolio.config.LoggingAspect       : ← Exiting: AdminController.getAllProjects() (42ms)
2026-04-28T16:37:16.514+05:30  INFO 5832 --- [http-nio-8080-exec-1] com.portfolio.config.LoggingAspect       : ← Exiting: AdminController.updateProjectStatus(..) (34ms)
2026-04-28T16:37:16.529+05:30  INFO 5832 --- [http-nio-8080-exec-5] com.portfolio.config.LoggingAspect       : ← Exiting: AdminController.getAnalytics() (38ms)
2026-04-28T16:37:16.574+05:30  INFO 5832 --- [http-nio-8080-exec-10] com.portfolio.config.LoggingAspect       : → Entering: AdminController.getAnalytics()
2026-04-28T16:37:16.596+05:30  INFO 5832 --- [http-nio-8080-exec-2] com.portfolio.config.LoggingAspect       : ← Exiting: AdminController.getAllStudents() (108ms)
2026-04-28T16:37:16.604+05:30  INFO 5832 --- [http-nio-8080-exec-10] com.portfolio.config.LoggingAspect       : ← Exiting: AdminController.getAnalytics() (28ms)
2026-04-28T16:37:16.612+05:30  INFO 5832 --- [http-nio-8080-exec-9] com.portfolio.config.LoggingAspect       : → Entering: AdminController.getAllProjects()
2026-04-28T16:37:16.631+05:30  INFO 5832 --- [http-nio-8080-exec-9] com.portfolio.config.LoggingAspect       : ← Exiting: AdminController.getAllProjects() (19ms)
2026-04-28T16:37:16.668+05:30  INFO 5832 --- [http-nio-8080-exec-8] com.portfolio.config.LoggingAspect       : → Entering: AdminController.getAllStudents()
2026-04-28T16:37:16.730+05:30  INFO 5832 --- [http-nio-8080-exec-8] com.portfolio.config.LoggingAspect       : ← Exiting: AdminController.getAllStudents() (60ms)
2026-04-28T16:37:19.972+05:30  INFO 5832 --- [http-nio-8080-exec-3] com.portfolio.config.LoggingAspect       : → Entering: AdminController.getAllProjects()
2026-04-28T16:37:19.986+05:30  INFO 5832 --- [http-nio-8080-exec-7] com.portfolio.config.LoggingAspect       : → Entering: AdminController.getAnalytics()
2026-04-28T16:37:19.991+05:30  INFO 5832 --- [http-nio-8080-exec-3] com.portfolio.config.LoggingAspect       : ← Exiting: AdminController.getAllProjects() (19ms)
2026-04-28T16:37:20.015+05:30  INFO 5832 --- [http-nio-8080-exec-7] com.portfolio.config.LoggingAspect       : ← Exiting: AdminController.getAnalytics() (29ms)
2026-04-28T16:37:20.065+05:30  INFO 5832 --- [http-nio-8080-exec-4] com.portfolio.config.LoggingAspect       : → Entering: AdminController.getAllStudents()
2026-04-28T16:37:20.201+05:30  INFO 5832 --- [http-nio-8080-exec-4] com.portfolio.config.LoggingAspect       : ← Exiting: AdminController.getAllStudents() (136ms)
2026-04-28T16:39:33.097+05:30  WARN 5832 --- [HikariPool-1 housekeeper] com.zaxxer.hikari.pool.HikariPool        : HikariPool-1 - Thread starvation or clock leap detected (housekeeper delta=1m4s564ms443µs).
2026-04-28T16:40:56.502+05:30  INFO 5832 --- [RMI TCP Connection(57)-127.0.0.1] inMXBeanRegistrar$SpringApplicationAdmin : Application shutdown requested.
2026-04-28T16:40:56.653+05:30  INFO 5832 --- [RMI TCP Connection(57)-127.0.0.1] j.LocalContainerEntityManagerFactoryBean : Closing JPA EntityManagerFactory for persistence unit 'default'
2026-04-28T16:40:56.687+05:30  INFO 5832 --- [RMI TCP Connection(57)-127.0.0.1] com.zaxxer.hikari.HikariDataSource       : HikariPool-1 - Shutdown initiated...
2026-04-28T16:40:56.704+05:30  INFO 5832 --- [RMI TCP Connection(57)-127.0.0.1] com.zaxxer.hikari.HikariDataSource       : HikariPool-1 - Shutdown completed.
